\BOOKMARK [1][-]{section.1}{\376\377\000G\000l\000\363\000b\000u\000s}{}% 1
\BOOKMARK [2][-]{subsection.1.1}{\376\377\000Z\000a\000d\000\341\000n\000\355}{section.1}% 2
\BOOKMARK [2][-]{subsection.1.2}{\376\377\000P\000o\000s\000t\000u\000p\000\040\001\131\000e\001\141\000e\000n\000\355}{section.1}% 3
\BOOKMARK [3][-]{subsubsection.1.2.1}{\376\377\000Z\000o\000b\000r\000a\000z\000e\000n\000\355\000\040\001\141\000p\000e\000n\000d\000l\000\355\000k\000u}{subsection.1.2}% 4
\BOOKMARK [3][-]{subsubsection.1.2.2}{\376\377\000V\000\375\000p\000o\001\015\000e\000t\000\040\000c\000e\000s\000t\000y}{subsection.1.2}% 5
\BOOKMARK [3][-]{subsubsection.1.2.3}{\376\377\000V\000\375\000p\000o\001\015\000e\000t\000\040\000n\000e\000j\000k\000r\000a\000t\001\141\000\355\000\040\000c\000e\000s\000t\000y}{subsection.1.2}% 6
\BOOKMARK [2][-]{subsection.1.3}{\376\377\000V\000\375\000s\000l\000e\000d\000k\000y}{section.1}% 7
\BOOKMARK [2][-]{subsection.1.4}{\376\377\000Z\000\341\000v\001\033\000r}{section.1}% 8
\BOOKMARK [1][-]{section.2}{\376\377\000P\001\131\000\355\000m\000\375\000\040\000a\000\040\000i\000n\000v\000e\000r\000z\000n\000\355\000\040\000g\000e\000o\000m\000e\000t\000r\000i\000c\000k\000\375\000\040\000m\000o\000d\000e\000l}{}% 9
\BOOKMARK [2][-]{subsection.2.1}{\376\377\000Z\000a\000d\000\341\000n\000\355}{section.2}% 10
\BOOKMARK [2][-]{subsection.2.2}{\376\377\000P\000o\000s\000t\000u\000p\000\040\001\131\000e\001\141\000e\000n\000\355}{section.2}% 11
\BOOKMARK [3][-]{subsubsection.2.2.1}{\376\377\000G\000e\000o\000m\000e\000t\000r\000i\000c\000k\000\375\000\040\000p\000o\000p\000i\000s}{subsection.2.2}% 12
\BOOKMARK [3][-]{subsubsection.2.2.2}{\376\377\000D\000G\000M}{subsection.2.2}% 13
\BOOKMARK [3][-]{subsubsection.2.2.3}{\376\377\000I\000G\000M}{subsection.2.2}% 14
\BOOKMARK [3][-]{subsubsection.2.2.4}{\376\377\000M\000o\000d\000e\000l}{subsection.2.2}% 15
\BOOKMARK [2][-]{subsection.2.3}{\376\377\000V\000\375\000s\000l\000e\000d\000k\000y}{section.2}% 16
\BOOKMARK [2][-]{subsection.2.4}{\376\377\000Z\000\341\000v\001\033\000r}{section.2}% 17
\BOOKMARK [1][-]{section.3}{\376\377\000K\000i\000n\000e\000m\000a\000t\000i\000c\000k\000\375\000\040\000p\000o\000p\000i\000s\000\040\000m\000a\000n\000i\000p\000u\000l\000\341\000t\000o\000r\000u}{}% 18
\BOOKMARK [2][-]{subsection.3.1}{\376\377\000Z\000a\000d\000\341\000n\000\355}{section.3}% 19
\BOOKMARK [2][-]{subsection.3.2}{\376\377\000P\000o\000s\000t\000u\000p\000\040\001\131\000e\001\141\000e\000n\000\355}{section.3}% 20
\BOOKMARK [3][-]{subsubsection.3.2.1}{\376\377\000I\000O\000K\000\332}{subsection.3.2}% 21
\BOOKMARK [2][-]{subsection.3.3}{\376\377\000V\000\375\000s\000l\000e\000d\000k\000y}{section.3}% 22
\BOOKMARK [2][-]{subsection.3.4}{\376\377\000Z\000\341\000v\001\033\000r}{section.3}% 23
\BOOKMARK [1][-]{section.4}{\376\377\000G\000e\000n\000e\000r\000\341\000t\000o\000r\000\040\000t\000r\000a\000j\000e\000k\000t\000o\000r\000i\000e}{}% 24
\BOOKMARK [2][-]{subsection.4.1}{\376\377\000Z\000a\000d\000\341\000n\000\355}{section.4}% 25
\BOOKMARK [2][-]{subsection.4.2}{\376\377\000P\000o\000s\000t\000u\000p\000\040\001\131\000e\001\141\000e\000n\000\355}{section.4}% 26
\BOOKMARK [3][-]{subsubsection.4.2.1}{\376\377\000K\000l\000o\000u\000b\000o\000v\000\351\000\040\000s\000o\000u\001\131\000a\000d\000n\000i\000c\000e\000\040\000a\000\040\000j\000e\000j\000i\000c\000h\000\040\000d\000e\000r\000i\000v\000a\000c\000e\000\040\000\050\000A\000C\000S\000\051}{subsection.4.2}% 27
\BOOKMARK [2][-]{subsection.4.3}{\376\377\000V\000\375\000s\000l\000e\000d\000k\000y}{section.4}% 28
\BOOKMARK [2][-]{subsection.4.4}{\376\377\000Z\000\341\000v\001\033\000r}{section.4}% 29
\BOOKMARK [1][-]{section.5}{\376\377\000S\000i\000n\000g\000u\000l\000\341\000r\000n\000\355\000\040\000p\000o\000l\000o\000h\000y\000\040\000m\000a\000n\000i\000p\000u\000l\000\341\000t\000o\000r\000u}{}% 30
\BOOKMARK [2][-]{subsection.5.1}{\376\377\000Z\000a\000d\000\341\000n\000\355}{section.5}% 31
\BOOKMARK [2][-]{subsection.5.2}{\376\377\000P\000o\000s\000t\000u\000p\000\040\001\131\000e\001\141\000e\000n\000\355}{section.5}% 32
\BOOKMARK [2][-]{subsection.5.3}{\376\377\000V\000\375\000s\000l\000e\000d\000k\000y}{section.5}% 33
\BOOKMARK [2][-]{subsection.5.4}{\376\377\000Z\000\341\000v\001\033\000r}{section.5}% 34
\BOOKMARK [1][-]{section.6}{\376\377\000O\000r\000i\000e\000n\000t\000a\000c\000e\000\040\000k\000o\000n\000c\000o\000v\000\351\000h\000o\000\040\000e\000f\000e\000k\000t\000o\000r\000u}{}% 35
\BOOKMARK [2][-]{subsection.6.1}{\376\377\000Z\000a\000d\000\341\000n\000\355}{section.6}% 36
\BOOKMARK [2][-]{subsection.6.2}{\376\377\000P\000o\000s\000t\000u\000p\000\040\001\131\000e\001\141\000e\000n\000\355}{section.6}% 37
\BOOKMARK [3][-]{subsubsection.6.2.1}{\376\377\000L\000i\000n\000e\000\341\000r\000n\000\355\000\040\000i\000n\000t\000e\000r\000p\000o\000l\000a\000c\000e}{subsection.6.2}% 38
\BOOKMARK [3][-]{subsubsection.6.2.2}{\376\377\000K\000v\000a\000d\000r\000a\000t\000i\000c\000k\000\341\000\040\000i\000n\000t\000e\000r\000p\000o\000l\000a\000c\000e}{subsection.6.2}% 39
\BOOKMARK [2][-]{subsection.6.3}{\376\377\000Z\000\341\000v\001\033\000r}{section.6}% 40
